INFO: System boot complete
WARNING: Disk space low
INFO: User login successful
ERROR: Failed to connect to database
CRITICAL: Kernel panic
INFO: Update installed
ERROR: Timeout while fetching URL
ERROR: Failed to connect to database
CRITICAL: Kernel panic
INFO: Update installed
ERROR: Timeout while fetching URL
INFO: System boot complete
WARNING: Disk space low
INFO: User login successful
ERROR: Failed to connect to database
CRITICAL: Kernel panic
INFO: Update installed
ERROR: Timeout while fetching URL
ERROR: Failed to connect to database
CRITICAL: Kernel panic
INFO: Update installed
ERROR: Timeout while fetching URL
WARNING: Disk space low
INFO: User login successful
